<?xml version="1.0" encoding="UTF-8"?>
<!-- Generated by org.testng.reporters.JUnitReportReporter -->
<testsuite hostname="DESKTOP-VHNOM0H" failures="0" tests="1" name="testPack.ActiTimeLogin" time="14.011" errors="0" timestamp="07 Sep 2022 18:19:36 GMT" skipped="0">
  <testcase classname="testPack.ActiTimeLogin" name="f" time="14.011"/>
</testsuite> <!-- testPack.ActiTimeLogin -->
